
Error: Connection lost: The server closed the connection.
    at Protocol.end (/home/hefner/domains/dutchprogrammer/public_html/NodeJs-experiments/SmallLoginSystem/node_modules/mysql/lib/protocol/Protocol.js:78:13)
    at Socket.<anonymous> (/home/hefner/domains/dutchprogrammer/public_html/NodeJs-experiments/SmallLoginSystem/node_modules/mysql/lib/Connection.js:81:28)
    at Socket.EventEmitter.emit (events.js:117:20)
    at _stream_readable.js:920:16
    at process._tickDomainCallback (node.js:459:13)

Error: Connection lost: The server closed the connection.
    at Protocol.end (/home/hefner/domains/dutchprogrammer/public_html/NodeJs-experiments/SmallLoginSystem/node_modules/mysql/lib/protocol/Protocol.js:78:13)
    at Socket.<anonymous> (/home/hefner/domains/dutchprogrammer/public_html/NodeJs-experiments/SmallLoginSystem/node_modules/mysql/lib/Connection.js:81:28)
    at Socket.EventEmitter.emit (events.js:117:20)
    at _stream_readable.js:920:16
    at process._tickDomainCallback (node.js:459:13)

Error: Connection lost: The server closed the connection.
    at Protocol.end (/home/hefner/domains/dutchprogrammer/public_html/NodeJs-experiments/SmallLoginSystem/node_modules/mysql/lib/protocol/Protocol.js:78:13)
    at Socket.<anonymous> (/home/hefner/domains/dutchprogrammer/public_html/NodeJs-experiments/SmallLoginSystem/node_modules/mysql/lib/Connection.js:81:28)
    at Socket.EventEmitter.emit (events.js:117:20)
    at _stream_readable.js:920:16
    at process._tickDomainCallback (node.js:459:13)

Error: Connection lost: The server closed the connection.
    at Protocol.end (/home/hefner/domains/dutchprogrammer/public_html/NodeJs-experiments/SmallLoginSystem/node_modules/mysql/lib/protocol/Protocol.js:78:13)
    at Socket.<anonymous> (/home/hefner/domains/dutchprogrammer/public_html/NodeJs-experiments/SmallLoginSystem/node_modules/mysql/lib/Connection.js:81:28)
    at Socket.EventEmitter.emit (events.js:117:20)
    at _stream_readable.js:920:16
    at process._tickDomainCallback (node.js:459:13)

Error: Connection lost: The server closed the connection.
    at Protocol.end (/home/hefner/domains/dutchprogrammer/public_html/NodeJs-experiments/SmallLoginSystem/node_modules/mysql/lib/protocol/Protocol.js:78:13)
    at Socket.<anonymous> (/home/hefner/domains/dutchprogrammer/public_html/NodeJs-experiments/SmallLoginSystem/node_modules/mysql/lib/Connection.js:81:28)
    at Socket.EventEmitter.emit (events.js:117:20)
    at _stream_readable.js:920:16
    at process._tickDomainCallback (node.js:459:13)

Error: Connection lost: The server closed the connection.
    at Protocol.end (/home/hefner/domains/dutchprogrammer/public_html/NodeJs-experiments/SmallLoginSystem/node_modules/mysql/lib/protocol/Protocol.js:78:13)
    at Socket.<anonymous> (/home/hefner/domains/dutchprogrammer/public_html/NodeJs-experiments/SmallLoginSystem/node_modules/mysql/lib/Connection.js:81:28)
    at Socket.EventEmitter.emit (events.js:117:20)
    at _stream_readable.js:920:16
    at process._tickDomainCallback (node.js:459:13)

Error: Connection lost: The server closed the connection.
    at Protocol.end (/home/hefner/domains/dutchprogrammer/public_html/NodeJs-experiments/SmallLoginSystem/node_modules/mysql/lib/protocol/Protocol.js:78:13)
    at Socket.<anonymous> (/home/hefner/domains/dutchprogrammer/public_html/NodeJs-experiments/SmallLoginSystem/node_modules/mysql/lib/Connection.js:81:28)
    at Socket.EventEmitter.emit (events.js:117:20)
    at _stream_readable.js:920:16
    at process._tickDomainCallback (node.js:459:13)

Error: Connection lost: The server closed the connection.
    at Protocol.end (/home/hefner/domains/dutchprogrammer/public_html/NodeJs-experiments/SmallLoginSystem/node_modules/mysql/lib/protocol/Protocol.js:78:13)
    at Socket.<anonymous> (/home/hefner/domains/dutchprogrammer/public_html/NodeJs-experiments/SmallLoginSystem/node_modules/mysql/lib/Connection.js:81:28)
    at Socket.EventEmitter.emit (events.js:117:20)
    at _stream_readable.js:920:16
    at process._tickDomainCallback (node.js:459:13)

Error: Connection lost: The server closed the connection.
    at Protocol.end (/home/hefner/domains/dutchprogrammer/public_html/NodeJs-experiments/SmallLoginSystem/node_modules/mysql/lib/protocol/Protocol.js:78:13)
    at Socket.<anonymous> (/home/hefner/domains/dutchprogrammer/public_html/NodeJs-experiments/SmallLoginSystem/node_modules/mysql/lib/Connection.js:81:28)
    at Socket.EventEmitter.emit (events.js:117:20)
    at _stream_readable.js:920:16
    at process._tickDomainCallback (node.js:459:13)

Error: Connection lost: The server closed the connection.
    at Protocol.end (/home/hefner/domains/dutchprogrammer/public_html/NodeJs-experiments/SmallLoginSystem/node_modules/mysql/lib/protocol/Protocol.js:78:13)
    at Socket.<anonymous> (/home/hefner/domains/dutchprogrammer/public_html/NodeJs-experiments/SmallLoginSystem/node_modules/mysql/lib/Connection.js:81:28)
    at Socket.EventEmitter.emit (events.js:117:20)
    at _stream_readable.js:920:16
    at process._tickDomainCallback (node.js:459:13)

Error: Connection lost: The server closed the connection.
    at Protocol.end (/home/hefner/domains/dutchprogrammer/public_html/NodeJs-experiments/SmallLoginSystem/node_modules/mysql/lib/protocol/Protocol.js:78:13)
    at Socket.<anonymous> (/home/hefner/domains/dutchprogrammer/public_html/NodeJs-experiments/SmallLoginSystem/node_modules/mysql/lib/Connection.js:81:28)
    at Socket.EventEmitter.emit (events.js:117:20)
    at _stream_readable.js:920:16
    at process._tickDomainCallback (node.js:459:13)

Error: Connection lost: The server closed the connection.
    at Protocol.end (/home/hefner/domains/dutchprogrammer/public_html/NodeJs-experiments/SmallLoginSystem/node_modules/mysql/lib/protocol/Protocol.js:78:13)
    at Socket.<anonymous> (/home/hefner/domains/dutchprogrammer/public_html/NodeJs-experiments/SmallLoginSystem/node_modules/mysql/lib/Connection.js:81:28)
    at Socket.EventEmitter.emit (events.js:117:20)
    at _stream_readable.js:920:16
    at process._tickDomainCallback (node.js:459:13)

Error: Connection lost: The server closed the connection.
    at Protocol.end (/home/hefner/domains/dutchprogrammer/public_html/NodeJs-experiments/SmallLoginSystem/node_modules/mysql/lib/protocol/Protocol.js:78:13)
    at Socket.<anonymous> (/home/hefner/domains/dutchprogrammer/public_html/NodeJs-experiments/SmallLoginSystem/node_modules/mysql/lib/Connection.js:81:28)
    at Socket.EventEmitter.emit (events.js:117:20)
    at _stream_readable.js:920:16
    at process._tickDomainCallback (node.js:459:13)

Error: Connection lost: The server closed the connection.
    at Protocol.end (/home/hefner/domains/dutchprogrammer/public_html/NodeJs-experiments/SmallLoginSystem/node_modules/mysql/lib/protocol/Protocol.js:78:13)
    at Socket.<anonymous> (/home/hefner/domains/dutchprogrammer/public_html/NodeJs-experiments/SmallLoginSystem/node_modules/mysql/lib/Connection.js:81:28)
    at Socket.EventEmitter.emit (events.js:117:20)
    at _stream_readable.js:920:16
    at process._tickDomainCallback (node.js:459:13)

Error: Connection lost: The server closed the connection.
    at Protocol.end (/home/hefner/domains/dutchprogrammer/public_html/NodeJs-experiments/SmallLoginSystem/node_modules/mysql/lib/protocol/Protocol.js:78:13)
    at Socket.<anonymous> (/home/hefner/domains/dutchprogrammer/public_html/NodeJs-experiments/SmallLoginSystem/node_modules/mysql/lib/Connection.js:81:28)
    at Socket.EventEmitter.emit (events.js:117:20)
    at _stream_readable.js:920:16
    at process._tickDomainCallback (node.js:459:13)

Error: Connection lost: The server closed the connection.
    at Protocol.end (/home/hefner/domains/dutchprogrammer/public_html/NodeJs-experiments/SmallLoginSystem/node_modules/mysql/lib/protocol/Protocol.js:78:13)
    at Socket.<anonymous> (/home/hefner/domains/dutchprogrammer/public_html/NodeJs-experiments/SmallLoginSystem/node_modules/mysql/lib/Connection.js:81:28)
    at Socket.EventEmitter.emit (events.js:117:20)
    at _stream_readable.js:920:16
    at process._tickDomainCallback (node.js:459:13)
